<?xml version="1.0" encoding="UTF-8"?>
<!-- Generated by org.testng.reporters.JUnitXMLReporter -->
<testsuite ignored="0" hostname="DESKTOP-CB7OD0T" failures="0" tests="5" name="Default test" time="108.406" errors="0" timestamp="2024-07-29T17:43:41 IST">
  <testcase classname="abm.com.LoginTest" name="ABM_REQ_01_TC_01" time="12.803"/>
  <testcase classname="abm.com.LoginTest" name="ABM_REQ_01_TC_02" time="13.845"/>
  <testcase classname="abm.com.LoginTest" name="ABM_REQ_01_TC_03" time="0.821"/>
  <testcase classname="abm.com.LoginTest" name="ABM_REQ_01_TC_04" time="2.607"/>
  <testcase classname="abm.com.LoginTest" name="ABM_REQ_01_TC_05" time="0.767"/>
</testsuite> <!-- Default test -->
