<?xml version="1.0" encoding="UTF-8"?>
<testng-results ignored="0" total="5" passed="5" failed="0" skipped="0">
  <reporter-output>
  </reporter-output>
  <suite started-at="2024-07-29T17:41:52 IST" name="Default suite" finished-at="2024-07-29T17:43:40 IST" duration-ms="108406">
    <groups>
    </groups>
    <test started-at="2024-07-29T17:41:52 IST" name="Default test" finished-at="2024-07-29T17:43:40 IST" duration-ms="108406">
      <class name="abm.com.LoginTest">
        <test-method is-config="true" signature="setup()[pri:0, instance:abm.com.LoginTest@1e4d3ce5]" started-at="2024-07-29T17:41:52 IST" name="setup" finished-at="2024-07-29T17:43:05 IST" duration-ms="73254" status="PASS">
          <reporter-output>
          </reporter-output>
        </test-method> <!-- setup -->
        <test-method signature="ABM_REQ_01_TC_01()[pri:1, instance:abm.com.LoginTest@1e4d3ce5]" started-at="2024-07-29T17:43:05 IST" name="ABM_REQ_01_TC_01" finished-at="2024-07-29T17:43:18 IST" duration-ms="12803" status="PASS">
          <reporter-output>
          </reporter-output>
        </test-method> <!-- ABM_REQ_01_TC_01 -->
        <test-method signature="ABM_REQ_01_TC_02()[pri:2, instance:abm.com.LoginTest@1e4d3ce5]" started-at="2024-07-29T17:43:18 IST" name="ABM_REQ_01_TC_02" finished-at="2024-07-29T17:43:32 IST" duration-ms="13845" status="PASS">
          <reporter-output>
          </reporter-output>
        </test-method> <!-- ABM_REQ_01_TC_02 -->
        <test-method signature="ABM_REQ_01_TC_03()[pri:3, instance:abm.com.LoginTest@1e4d3ce5]" started-at="2024-07-29T17:43:32 IST" name="ABM_REQ_01_TC_03" finished-at="2024-07-29T17:43:33 IST" depends-on-methods="abm.com.LoginTest.ABM_REQ_01_TC_02" duration-ms="821" status="PASS">
          <reporter-output>
          </reporter-output>
        </test-method> <!-- ABM_REQ_01_TC_03 -->
        <test-method signature="ABM_REQ_01_TC_04()[pri:4, instance:abm.com.LoginTest@1e4d3ce5]" started-at="2024-07-29T17:43:33 IST" name="ABM_REQ_01_TC_04" finished-at="2024-07-29T17:43:35 IST" duration-ms="2607" status="PASS">
          <reporter-output>
          </reporter-output>
        </test-method> <!-- ABM_REQ_01_TC_04 -->
        <test-method signature="ABM_REQ_01_TC_05()[pri:5, instance:abm.com.LoginTest@1e4d3ce5]" started-at="2024-07-29T17:43:35 IST" name="ABM_REQ_01_TC_05" finished-at="2024-07-29T17:43:36 IST" duration-ms="767" status="PASS">
          <reporter-output>
          </reporter-output>
        </test-method> <!-- ABM_REQ_01_TC_05 -->
        <test-method is-config="true" signature="teardown()[pri:0, instance:abm.com.LoginTest@1e4d3ce5]" started-at="2024-07-29T17:43:36 IST" name="teardown" finished-at="2024-07-29T17:43:40 IST" duration-ms="4148" status="PASS">
          <reporter-output>
          </reporter-output>
        </test-method> <!-- teardown -->
      </class> <!-- abm.com.LoginTest -->
    </test> <!-- Default test -->
  </suite> <!-- Default suite -->
</testng-results>
